[2022-02-15 11:30:39] [TestRunRegistrar.java] [1] [WARN] Reporting disabled: using no op test run registrar
[2022-02-15 11:30:39] [IMessager.java] [1] [INFO] TEST [practice-qa - loginTest] STARTED at [11:30:39 2022-02-15]
[2022-02-15 11:30:41] [CryptoTool.java] [1] [ERROR] Can't load secret key!
[2022-02-15 11:30:41] [CryptoTool.java] [1] [ERROR] Can't load secret key!
[2022-02-15 11:30:41] [CryptoTool.java] [1] [ERROR] Can't load secret key!
[2022-02-15 11:30:41] [CryptoTool.java] [1] [ERROR] Can't load secret key!
[2022-02-15 11:30:41] [CryptoTool.java] [1] [ERROR] Can't load secret key!
[2022-02-15 11:30:41] [CryptoTool.java] [1] [ERROR] Can't load secret key!
[2022-02-15 11:30:41] [CryptoTool.java] [1] [ERROR] Can't load secret key!
[2022-02-15 11:30:41] [CryptoTool.java] [1] [ERROR] Can't load secret key!
[2022-02-15 11:30:41] [CryptoTool.java] [1] [ERROR] Can't load secret key!
[2022-02-15 11:30:41] [CryptoTool.java] [1] [ERROR] Can't load secret key!
[2022-02-15 11:30:41] [CryptoTool.java] [1] [ERROR] Can't load secret key!
[2022-02-15 11:30:41] [CryptoTool.java] [1] [ERROR] Can't load secret key!
[2022-02-15 11:30:41] [CryptoTool.java] [1] [ERROR] Can't load secret key!
[2022-02-15 11:30:41] [CryptoTool.java] [1] [ERROR] Can't load secret key!
[2022-02-15 11:30:41] [CryptoTool.java] [1] [ERROR] Can't load secret key!
[2022-02-15 11:30:41] [CryptoTool.java] [1] [ERROR] Can't load secret key!
[2022-02-15 11:30:41] [IMessager.java] [21] [INFO] INFO: opening url 'https://www.adidas.com/us/account-login'
[2022-02-15 11:30:44] [DriverListener.java] [21] [INFO] URL 'https://www.adidas.com/us/account-login' opened
[2022-02-15 11:30:45] [DriverListener.java] [1] [INFO] PASS: keys cleared in element 'emailField'.
[2022-02-15 11:30:46] [DriverListener.java] [1] [INFO] PASS: keys 'testingsolvd@gmail.com' are sent to element 'emailField'.
[2022-02-15 11:30:46] [DriverListener.java] [1] [INFO] PASS: keys cleared in element 'passwordField'.
[2022-02-15 11:30:47] [DriverListener.java] [1] [INFO] PASS: keys 'pewdoc-cuqzi0-ciHzib' are sent to element 'passwordField'.
[2022-02-15 11:30:47] [DriverListener.java] [1] [INFO] PASS: element 'loginButton' is clicked.
[2022-02-15 11:30:52] [DriverListener.java] [1] [ERROR] Remote browser did not respond to getCurrentUrl
Build info: version: '3.141.59', revision: 'e82be7d358', time: '2018-11-14T08:17:03'
System info: host: 'users-mbp', ip: 'fe80:0:0:0:92:1626:9c34:a6d2%en0', os.name: 'Mac OS X', os.arch: 'aarch64', os.version: '12.2', java.version: '11.0.14'
Driver info: driver.version: EventFiringWebDriver
[2022-02-15 11:30:52] [Screenshot.java] [1] [ERROR] ExecutionException error detected on capture full screenshot!
[2022-02-15 11:30:52] [DriverListener.java] [1] [ERROR] no such window: target window already closed
from unknown error: web view not found
  (Session info: chrome=98.0.4758.80)
Build info: version: '3.141.59', revision: 'e82be7d358', time: '2018-11-14T08:17:03'
System info: host: 'users-mbp', ip: 'fe80:0:0:0:92:1626:9c34:a6d2%en0', os.name: 'Mac OS X', os.arch: 'aarch64', os.version: '12.2', java.version: '11.0.14'
Driver info: org.openqa.selenium.remote.RemoteWebDriver
Capabilities {acceptInsecureCerts: true, browserName: chrome, browserVersion: 98.0.4758.80, chrome: {chromedriverVersion: 97.0.4692.71 (adefa7837d02a..., userDataDir: /var/folders/71/ccythcv55dn...}, goog:chromeOptions: {debuggerAddress: localhost:55625}, javascriptEnabled: true, networkConnectionEnabled: false, pageLoadStrategy: normal, platform: MAC, platformName: MAC, proxy: Proxy(), setWindowRect: true, strictFileInteractability: false, timeouts: {implicit: 0, pageLoad: 300000, script: 30000}, unhandledPromptBehavior: dismiss and notify, webauthn:extension:credBlob: true, webauthn:extension:largeBlob: true, webauthn:virtualAuthenticators: true, webdriver.remote.sessionid: 4987decee1c827a910ef7ba2e86...}
Session ID: 4987decee1c827a910ef7ba2e864d9c3
[2022-02-15 11:30:52] [Screenshot.java] [1] [ERROR] ExecutionException error detected on capture full screenshot!
[2022-02-15 11:30:52] [Screenshot.java] [1] [ERROR] ExecutionException error detected on capture full screenshot!
[2022-02-15 11:30:52] [IMessager.java] [1] [ERROR] TEST [practice-qa - loginTest] FAILED at [11:30:52 2022-02-15] - no such window: target window already closed
from unknown error: web view not found
  (Session info: chrome=98.0.4758.80)
Build info: version: '3.141.59', revision: 'e82be7d358', time: '2018-11-14T08:17:03'
System info: host: 'users-mbp', ip: 'fe80:0:0:0:92:1626:9c34:a6d2%en0', os.name: 'Mac OS X', os.arch: 'aarch64', os.version: '12.2', java.version: '11.0.14'
Driver info: org.openqa.selenium.remote.RemoteWebDriver
Capabilities {acceptInsecureCerts: true, browserName: chrome, browserVersion: 98.0.4758.80, chrome: {chromedriverVersion: 97.0.4692.71 (adefa7837d02a..., userDataDir: /var/folders/71/ccythcv55dn...}, goog:chromeOptions: {debuggerAddress: localhost:55625}, javascriptEnabled: true, networkConnectionEnabled: false, pageLoadStrategy: normal, platform: MAC, platformName: MAC, proxy: Proxy(), setWindowRect: true, strictFileInteractability: false, timeouts: {implicit: 0, pageLoad: 300000, script: 30000}, unhandledPromptBehavior: dismiss and notify, webauthn:extension:credBlob: true, webauthn:extension:largeBlob: true, webauthn:virtualAuthenticators: true, webdriver.remote.sessionid: 4987decee1c827a910ef7ba2e86...}
Session ID: 4987decee1c827a910ef7ba2e864d9c3

jdk.internal.reflect.GeneratedConstructorAccessor10.newInstance(Unknown Source)
java.base/jdk.internal.reflect.DelegatingConstructorAccessorImpl.newInstance(DelegatingConstructorAccessorImpl.java:45)
java.base/java.lang.reflect.Constructor.newInstance(Constructor.java:490)
org.openqa.selenium.remote.http.W3CHttpResponseCodec.createException(W3CHttpResponseCodec.java:187)
org.openqa.selenium.remote.http.W3CHttpResponseCodec.decode(W3CHttpResponseCodec.java:122)
org.openqa.selenium.remote.http.W3CHttpResponseCodec.decode(W3CHttpResponseCodec.java:49)
org.openqa.selenium.remote.HttpCommandExecutor.execute(HttpCommandExecutor.java:158)
com.qaprosoft.carina.core.foundation.webdriver.listener.EventFiringSeleniumCommandExecutor.execute(EventFiringSeleniumCommandExecutor.java:50)
org.openqa.selenium.remote.RemoteWebDriver.execute(RemoteWebDriver.java:552)
org.openqa.selenium.remote.RemoteWebDriver.execute(RemoteWebDriver.java:609)
org.openqa.selenium.remote.RemoteWebDriver.getCurrentUrl(RemoteWebDriver.java:287)
jdk.internal.reflect.GeneratedMethodAccessor6.invoke(Unknown Source)
java.base/jdk.internal.reflect.DelegatingMethodAccessorImpl.invoke(DelegatingMethodAccessorImpl.java:43)
java.base/java.lang.reflect.Method.invoke(Method.java:566)
org.openqa.selenium.support.events.EventFiringWebDriver.lambda$new$1(EventFiringWebDriver.java:105)
com.sun.proxy.$Proxy14.getCurrentUrl(Unknown Source)
org.openqa.selenium.support.events.EventFiringWebDriver.getCurrentUrl(EventFiringWebDriver.java:171)
com.qaprosoft.carina.core.foundation.webdriver.DriverHelper.isPageOpened(DriverHelper.java:1016)
com.qaprosoft.carina.core.gui.AbstractPage.isPageOpened(AbstractPage.java:80)
com.qaprosoft.carina.core.gui.AbstractPage.isPageOpened(AbstractPage.java:67)
com.solvd.practiceqa.LoginTest.loginTest(LoginTest.java:17)
java.base/jdk.internal.reflect.NativeMethodAccessorImpl.invoke0(Native Method)
java.base/jdk.internal.reflect.NativeMethodAccessorImpl.invoke(NativeMethodAccessorImpl.java:62)
java.base/jdk.internal.reflect.DelegatingMethodAccessorImpl.invoke(DelegatingMethodAccessorImpl.java:43)
java.base/java.lang.reflect.Method.invoke(Method.java:566)
org.testng.internal.MethodInvocationHelper.invokeMethod(MethodInvocationHelper.java:133)
org.testng.internal.TestInvoker.invokeMethod(TestInvoker.java:598)
org.testng.internal.TestInvoker.invokeTestMethod(TestInvoker.java:173)
org.testng.internal.MethodRunner.runInSequence(MethodRunner.java:46)
org.testng.internal.TestInvoker$MethodInvocationAgent.invoke(TestInvoker.java:824)
org.testng.internal.TestInvoker.invokeTestMethods(TestInvoker.java:146)
org.testng.internal.TestMethodWorker.invokeTestMethods(TestMethodWorker.java:146)
org.testng.internal.TestMethodWorker.run(TestMethodWorker.java:128)
java.base/java.util.ArrayList.forEach(ArrayList.java:1541)
org.testng.TestRunner.privateRun(TestRunner.java:794)
org.testng.TestRunner.run(TestRunner.java:596)
org.testng.SuiteRunner.runTest(SuiteRunner.java:377)
org.testng.SuiteRunner.runSequentially(SuiteRunner.java:371)
org.testng.SuiteRunner.privateRun(SuiteRunner.java:332)
org.testng.SuiteRunner.run(SuiteRunner.java:276)
org.testng.SuiteRunnerWorker.runSuite(SuiteRunnerWorker.java:53)
org.testng.SuiteRunnerWorker.run(SuiteRunnerWorker.java:96)
org.testng.TestNG.runSuitesSequentially(TestNG.java:1212)
org.testng.TestNG.runSuitesLocally(TestNG.java:1134)
org.testng.TestNG.runSuites(TestNG.java:1063)
org.testng.TestNG.run(TestNG.java:1031)
com.intellij.rt.testng.IDEARemoteTestNG.run(IDEARemoteTestNG.java:66)
com.intellij.rt.testng.RemoteTestNGStarter.main(RemoteTestNGStarter.java:109)
