[2022-02-15 11:33:25] [TestRunRegistrar.java] [1] [WARN] Reporting disabled: using no op test run registrar
[2022-02-15 11:33:25] [IMessager.java] [1] [INFO] TEST [practice-qa - loginTest] STARTED at [11:33:25 2022-02-15]
[2022-02-15 11:33:25] [IMessager.java] [21] [INFO] INFO: opening url 'https://www.adidas.com/us/account-login'
[2022-02-15 11:33:27] [DriverListener.java] [21] [INFO] URL 'https://www.adidas.com/us/account-login' opened
[2022-02-15 11:33:28] [DriverListener.java] [1] [INFO] PASS: keys cleared in element 'emailField'.
[2022-02-15 11:33:28] [DriverListener.java] [1] [INFO] PASS: keys 'testingsolvd@gmail.com' are sent to element 'emailField'.
[2022-02-15 11:33:29] [DriverListener.java] [1] [INFO] PASS: keys cleared in element 'passwordField'.
[2022-02-15 11:33:30] [DriverListener.java] [1] [INFO] PASS: keys 'pewdoc-cuqzi0-ciHzib' are sent to element 'passwordField'.
[2022-02-15 11:33:31] [DriverListener.java] [1] [INFO] PASS: element 'loginButton' is clicked.
[2022-02-15 11:33:41] [DriverHelper.java] [1] [WARN] Actual URL differs from expected one. Expected 'https://www.adidas.com/us/my-account' but found 'https://www.adidas.com/us/account-login'
[2022-02-15 11:33:43] [IMessager.java] [1] [ERROR] TEST [practice-qa - loginTest] FAILED at [11:33:43 2022-02-15] - Account page is not opened expected [true] but found [false]

org.testng.Assert.fail(Assert.java:99)
org.testng.Assert.failNotEquals(Assert.java:1037)
org.testng.Assert.assertTrue(Assert.java:45)
com.solvd.practiceqa.LoginTest.loginTest(LoginTest.java:24)
java.base/jdk.internal.reflect.NativeMethodAccessorImpl.invoke0(Native Method)
java.base/jdk.internal.reflect.NativeMethodAccessorImpl.invoke(NativeMethodAccessorImpl.java:62)
java.base/jdk.internal.reflect.DelegatingMethodAccessorImpl.invoke(DelegatingMethodAccessorImpl.java:43)
java.base/java.lang.reflect.Method.invoke(Method.java:566)
org.testng.internal.MethodInvocationHelper.invokeMethod(MethodInvocationHelper.java:133)
org.testng.internal.TestInvoker.invokeMethod(TestInvoker.java:598)
org.testng.internal.TestInvoker.invokeTestMethod(TestInvoker.java:173)
org.testng.internal.MethodRunner.runInSequence(MethodRunner.java:46)
org.testng.internal.TestInvoker$MethodInvocationAgent.invoke(TestInvoker.java:824)
org.testng.internal.TestInvoker.invokeTestMethods(TestInvoker.java:146)
org.testng.internal.TestMethodWorker.invokeTestMethods(TestMethodWorker.java:146)
org.testng.internal.TestMethodWorker.run(TestMethodWorker.java:128)
java.base/java.util.ArrayList.forEach(ArrayList.java:1541)
org.testng.TestRunner.privateRun(TestRunner.java:794)
org.testng.TestRunner.run(TestRunner.java:596)
org.testng.SuiteRunner.runTest(SuiteRunner.java:377)
org.testng.SuiteRunner.runSequentially(SuiteRunner.java:371)
org.testng.SuiteRunner.privateRun(SuiteRunner.java:332)
org.testng.SuiteRunner.run(SuiteRunner.java:276)
org.testng.SuiteRunnerWorker.runSuite(SuiteRunnerWorker.java:53)
org.testng.SuiteRunnerWorker.run(SuiteRunnerWorker.java:96)
org.testng.TestNG.runSuitesSequentially(TestNG.java:1212)
org.testng.TestNG.runSuitesLocally(TestNG.java:1134)
org.testng.TestNG.runSuites(TestNG.java:1063)
org.testng.TestNG.run(TestNG.java:1031)
com.intellij.rt.testng.IDEARemoteTestNG.run(IDEARemoteTestNG.java:66)
com.intellij.rt.testng.RemoteTestNGStarter.main(RemoteTestNGStarter.java:109)
