[2022-02-24 12:05:12] [TestRunRegistrar.java] [1] [WARN] Reporting disabled: using no op test run registrar
[2022-02-24 12:05:12] [IMessager.java] [1] [INFO] TEST [practice-qa - addToBagTest] STARTED at [12:05:12 2022-02-24]
[2022-02-24 12:05:12] [IMessager.java] [22] [INFO] INFO: opening url 'https://www.adidas.com/us/ultraboost-22-shoes/GX5592.html'
[2022-02-24 12:05:41] [DriverListener.java] [22] [INFO] URL 'https://www.adidas.com/us/ultraboost-22-shoes/GX5592.html' opened
[2022-02-24 12:05:58] [CryptoTool.java] [1] [ERROR] Can't load secret key!
[2022-02-24 12:05:58] [CryptoTool.java] [1] [ERROR] Can't load secret key!
[2022-02-24 12:05:58] [CryptoTool.java] [1] [ERROR] Can't load secret key!
[2022-02-24 12:05:58] [CryptoTool.java] [1] [ERROR] Can't load secret key!
[2022-02-24 12:05:58] [CryptoTool.java] [1] [ERROR] Can't load secret key!
[2022-02-24 12:05:58] [CryptoTool.java] [1] [ERROR] Can't load secret key!
[2022-02-24 12:05:58] [CryptoTool.java] [1] [ERROR] Can't load secret key!
[2022-02-24 12:05:58] [CryptoTool.java] [1] [ERROR] Can't load secret key!
[2022-02-24 12:05:58] [CryptoTool.java] [1] [ERROR] Can't load secret key!
[2022-02-24 12:05:58] [CryptoTool.java] [1] [ERROR] Can't load secret key!
[2022-02-24 12:05:58] [CryptoTool.java] [1] [ERROR] Can't load secret key!
[2022-02-24 12:05:58] [CryptoTool.java] [1] [ERROR] Can't load secret key!
[2022-02-24 12:05:58] [CryptoTool.java] [1] [ERROR] Can't load secret key!
[2022-02-24 12:06:18] [DriverListener.java] [1] [ERROR] FAIL: element 'sizeGrid6 (By.xpath: //button[contains(@class, 'size')])' is not clicked!
[2022-02-24 12:06:18] [Screenshot.java] [1] [ERROR] ExecutionException error detected on capture full screenshot!
[2022-02-24 12:06:19] [Screenshot.java] [1] [ERROR] ExecutionException error detected on capture full screenshot!
[2022-02-24 12:06:19] [IMessager.java] [1] [ERROR] TEST [practice-qa - addToBagTest] FAILED at [12:06:19 2022-02-24] - Tried to run command without establishing a connection
Build info: version: '3.141.59', revision: 'e82be7d358', time: '2018-11-14T08:17:03'
System info: host: 'users-MacBook-Pro.local', ip: 'fe80:0:0:0:894:ab94:5b6e:e16d%en0', os.name: 'Mac OS X', os.arch: 'aarch64', os.version: '12.2', java.version: '11.0.14'
Driver info: org.openqa.selenium.remote.RemoteWebDriver
Capabilities {acceptInsecureCerts: true, browserName: firefox, browserVersion: 97.0, javascriptEnabled: true, moz:accessibilityChecks: false, moz:buildID: 20220202182137, moz:geckodriverVersion: 0.29.1, moz:headless: false, moz:processID: 185, moz:profile: /tmp/rust_mozprofile5ULJKo, moz:shutdownTimeout: 60000, moz:useNonSpecCompliantPointerOrigin: false, moz:webdriverClick: true, pageLoadStrategy: normal, platform: LINUX, platformName: LINUX, platformVersion: 5.10.76-linuxkit, proxy: Proxy(), setWindowRect: true, strictFileInteractability: false, timeouts: {implicit: 0, pageLoad: 300000, script: 30000}, unhandledPromptBehavior: dismiss and notify}
Session ID: bee83359-95be-43d5-b7b3-58b3e28e563d

java.base/jdk.internal.reflect.NativeConstructorAccessorImpl.newInstance0(Native Method)
java.base/jdk.internal.reflect.NativeConstructorAccessorImpl.newInstance(NativeConstructorAccessorImpl.java:62)
java.base/jdk.internal.reflect.DelegatingConstructorAccessorImpl.newInstance(DelegatingConstructorAccessorImpl.java:45)
java.base/java.lang.reflect.Constructor.newInstance(Constructor.java:490)
org.openqa.selenium.remote.http.W3CHttpResponseCodec.createException(W3CHttpResponseCodec.java:187)
org.openqa.selenium.remote.http.W3CHttpResponseCodec.decode(W3CHttpResponseCodec.java:122)
org.openqa.selenium.remote.http.W3CHttpResponseCodec.decode(W3CHttpResponseCodec.java:49)
org.openqa.selenium.remote.HttpCommandExecutor.execute(HttpCommandExecutor.java:158)
com.qaprosoft.carina.core.foundation.webdriver.listener.EventFiringSeleniumCommandExecutor.execute(EventFiringSeleniumCommandExecutor.java:50)
org.openqa.selenium.remote.RemoteWebDriver.execute(RemoteWebDriver.java:552)
org.openqa.selenium.remote.RemoteWebElement.execute(RemoteWebElement.java:285)
org.openqa.selenium.remote.RemoteWebElement.click(RemoteWebElement.java:84)
java.base/jdk.internal.reflect.NativeMethodAccessorImpl.invoke0(Native Method)
java.base/jdk.internal.reflect.NativeMethodAccessorImpl.invoke(NativeMethodAccessorImpl.java:62)
java.base/jdk.internal.reflect.DelegatingMethodAccessorImpl.invoke(DelegatingMethodAccessorImpl.java:43)
java.base/java.lang.reflect.Method.invoke(Method.java:566)
org.openqa.selenium.support.events.EventFiringWebDriver$EventFiringWebElement.lambda$new$0(EventFiringWebDriver.java:404)
com.sun.proxy.$Proxy22.click(Unknown Source)
org.openqa.selenium.support.events.EventFiringWebDriver$EventFiringWebElement.click(EventFiringWebDriver.java:417)
java.base/jdk.internal.reflect.NativeMethodAccessorImpl.invoke0(Native Method)
java.base/jdk.internal.reflect.NativeMethodAccessorImpl.invoke(NativeMethodAccessorImpl.java:62)
java.base/jdk.internal.reflect.DelegatingMethodAccessorImpl.invoke(DelegatingMethodAccessorImpl.java:43)
java.base/java.lang.reflect.Method.invoke(Method.java:566)
com.qaprosoft.carina.core.foundation.webdriver.locator.internal.LocatingListsElementHandler.invoke(LocatingListsElementHandler.java:44)
com.sun.proxy.$Proxy18.click(Unknown Source)
com.qaprosoft.carina.core.foundation.webdriver.decorator.ExtendedWebElement$1.doClick(ExtendedWebElement.java:1382)
com.qaprosoft.carina.core.foundation.webdriver.decorator.ExtendedWebElement.executeAction(ExtendedWebElement.java:1255)
com.qaprosoft.carina.core.foundation.webdriver.decorator.ExtendedWebElement.overrideAction(ExtendedWebElement.java:1376)
com.qaprosoft.carina.core.foundation.webdriver.decorator.ExtendedWebElement.doAction(ExtendedWebElement.java:1361)
com.qaprosoft.carina.core.foundation.webdriver.decorator.ExtendedWebElement.doAction(ExtendedWebElement.java:1339)
com.qaprosoft.carina.core.foundation.webdriver.decorator.ExtendedWebElement.click(ExtendedWebElement.java:458)
com.qaprosoft.carina.core.foundation.webdriver.decorator.ExtendedWebElement.click(ExtendedWebElement.java:447)
com.qaprosoft.carina.core.foundation.webdriver.decorator.ExtendedWebElement.click(ExtendedWebElement.java:438)
com.solvd.practiceqa.web.pages.desktop.ProductPage.chooseSize(ProductPage.java:59)
com.solvd.practiceqa.web.pages.desktop.ProductPage.addProductToBag(ProductPage.java:45)
com.solvd.practiceqa.web.pages.desktop.ProductPage.addProductToBag(ProductPage.java:15)
com.solvd.practiceqa.ShoppingCartTest.addToBagTest(ShoppingCartTest.java:26)
java.base/jdk.internal.reflect.NativeMethodAccessorImpl.invoke0(Native Method)
java.base/jdk.internal.reflect.NativeMethodAccessorImpl.invoke(NativeMethodAccessorImpl.java:62)
java.base/jdk.internal.reflect.DelegatingMethodAccessorImpl.invoke(DelegatingMethodAccessorImpl.java:43)
java.base/java.lang.reflect.Method.invoke(Method.java:566)
org.testng.internal.MethodInvocationHelper.invokeMethod(MethodInvocationHelper.java:133)
org.testng.internal.TestInvoker.invokeMethod(TestInvoker.java:598)
org.testng.internal.TestInvoker.invokeTestMethod(TestInvoker.java:173)
org.testng.internal.MethodRunner.runInSequence(MethodRunner.java:46)
org.testng.internal.TestInvoker$MethodInvocationAgent.invoke(TestInvoker.java:824)
org.testng.internal.TestInvoker.invokeTestMethods(TestInvoker.java:146)
org.testng.internal.TestMethodWorker.invokeTestMethods(TestMethodWorker.java:146)
org.testng.internal.TestMethodWorker.run(TestMethodWorker.java:128)
java.base/java.util.ArrayList.forEach(ArrayList.java:1541)
org.testng.TestRunner.privateRun(TestRunner.java:794)
org.testng.TestRunner.run(TestRunner.java:596)
org.testng.SuiteRunner.runTest(SuiteRunner.java:377)
org.testng.SuiteRunner.runSequentially(SuiteRunner.java:371)
org.testng.SuiteRunner.privateRun(SuiteRunner.java:332)
org.testng.SuiteRunner.run(SuiteRunner.java:276)
org.testng.SuiteRunnerWorker.runSuite(SuiteRunnerWorker.java:53)
org.testng.SuiteRunnerWorker.run(SuiteRunnerWorker.java:96)
org.testng.TestNG.runSuitesSequentially(TestNG.java:1212)
org.testng.TestNG.runSuitesLocally(TestNG.java:1134)
org.testng.TestNG.runSuites(TestNG.java:1063)
org.testng.TestNG.run(TestNG.java:1031)
com.intellij.rt.testng.IDEARemoteTestNG.run(IDEARemoteTestNG.java:66)
com.intellij.rt.testng.RemoteTestNGStarter.main(RemoteTestNGStarter.java:109)
