[2022-02-15 11:24:55] [TestRunRegistrar.java] [1] [WARN] Reporting disabled: using no op test run registrar
[2022-02-15 11:24:55] [IMessager.java] [1] [INFO] TEST [practice-qa - addToBagTest] STARTED at [11:24:55 2022-02-15]
[2022-02-15 11:24:55] [IMessager.java] [27] [INFO] INFO: opening url 'https://www.adidas.com/us/ultraboost-22-shoes/GX5592.html'
[2022-02-15 11:24:58] [DriverListener.java] [27] [INFO] URL 'https://www.adidas.com/us/ultraboost-22-shoes/GX5592.html' opened
[2022-02-15 11:24:59] [CryptoTool.java] [1] [ERROR] Can't load secret key!
[2022-02-15 11:24:59] [CryptoTool.java] [1] [ERROR] Can't load secret key!
[2022-02-15 11:24:59] [CryptoTool.java] [1] [ERROR] Can't load secret key!
[2022-02-15 11:24:59] [CryptoTool.java] [1] [ERROR] Can't load secret key!
[2022-02-15 11:24:59] [CryptoTool.java] [1] [ERROR] Can't load secret key!
[2022-02-15 11:24:59] [CryptoTool.java] [1] [ERROR] Can't load secret key!
[2022-02-15 11:24:59] [CryptoTool.java] [1] [ERROR] Can't load secret key!
[2022-02-15 11:24:59] [CryptoTool.java] [1] [ERROR] Can't load secret key!
[2022-02-15 11:24:59] [CryptoTool.java] [1] [ERROR] Can't load secret key!
[2022-02-15 11:24:59] [CryptoTool.java] [1] [ERROR] Can't load secret key!
[2022-02-15 11:24:59] [CryptoTool.java] [1] [ERROR] Can't load secret key!
[2022-02-15 11:24:59] [CryptoTool.java] [1] [ERROR] Can't load secret key!
[2022-02-15 11:24:59] [CryptoTool.java] [1] [ERROR] Can't load secret key!
[2022-02-15 11:24:59] [DriverListener.java] [1] [INFO] PASS: element 'sizeGrid6' is clicked.
[2022-02-15 11:25:00] [DriverListener.java] [1] [INFO] PASS: element 'addToBagButton' is clicked.
[2022-02-15 11:25:01] [DriverListener.java] [1] [INFO] PASS: element 'popupCloseButton' is clicked.
[2022-02-15 11:25:02] [DriverListener.java] [1] [INFO] PASS: element 'bagButton' is clicked.
[2022-02-15 11:25:04] [IMessager.java] [1] [ERROR] TEST [practice-qa - addToBagTest] FAILED at [11:25:04 2022-02-15] - Index -1 out of bounds for length 0

java.base/jdk.internal.util.Preconditions.outOfBounds(Preconditions.java:64)
java.base/jdk.internal.util.Preconditions.outOfBoundsCheckIndex(Preconditions.java:70)
java.base/jdk.internal.util.Preconditions.checkIndex(Preconditions.java:248)
java.base/java.util.Objects.checkIndex(Objects.java:372)
java.base/java.util.ArrayList.get(ArrayList.java:459)
java.base/jdk.internal.reflect.NativeMethodAccessorImpl.invoke0(Native Method)
java.base/jdk.internal.reflect.NativeMethodAccessorImpl.invoke(NativeMethodAccessorImpl.java:62)
java.base/jdk.internal.reflect.DelegatingMethodAccessorImpl.invoke(DelegatingMethodAccessorImpl.java:43)
java.base/java.lang.reflect.Method.invoke(Method.java:566)
com.qaprosoft.carina.core.foundation.webdriver.locator.internal.LocatingListHandler.invoke(LocatingListHandler.java:95)
com.sun.proxy.$Proxy19.get(Unknown Source)
com.solvd.practiceqa.web.service.ProductPageService.getLastProductTitle(ProductPageService.java:42)
com.solvd.practiceqa.ShoppingCartTest.addToBagTest(ShoppingCartTest.java:31)
java.base/jdk.internal.reflect.NativeMethodAccessorImpl.invoke0(Native Method)
java.base/jdk.internal.reflect.NativeMethodAccessorImpl.invoke(NativeMethodAccessorImpl.java:62)
java.base/jdk.internal.reflect.DelegatingMethodAccessorImpl.invoke(DelegatingMethodAccessorImpl.java:43)
java.base/java.lang.reflect.Method.invoke(Method.java:566)
org.testng.internal.MethodInvocationHelper.invokeMethod(MethodInvocationHelper.java:133)
org.testng.internal.TestInvoker.invokeMethod(TestInvoker.java:598)
org.testng.internal.TestInvoker.invokeTestMethod(TestInvoker.java:173)
org.testng.internal.MethodRunner.runInSequence(MethodRunner.java:46)
org.testng.internal.TestInvoker$MethodInvocationAgent.invoke(TestInvoker.java:824)
org.testng.internal.TestInvoker.invokeTestMethods(TestInvoker.java:146)
org.testng.internal.TestMethodWorker.invokeTestMethods(TestMethodWorker.java:146)
org.testng.internal.TestMethodWorker.run(TestMethodWorker.java:128)
java.base/java.util.ArrayList.forEach(ArrayList.java:1541)
org.testng.TestRunner.privateRun(TestRunner.java:794)
org.testng.TestRunner.run(TestRunner.java:596)
org.testng.SuiteRunner.runTest(SuiteRunner.java:377)
org.testng.SuiteRunner.runSequentially(SuiteRunner.java:371)
org.testng.SuiteRunner.privateRun(SuiteRunner.java:332)
org.testng.SuiteRunner.run(SuiteRunner.java:276)
org.testng.SuiteRunnerWorker.runSuite(SuiteRunnerWorker.java:53)
org.testng.SuiteRunnerWorker.run(SuiteRunnerWorker.java:96)
org.testng.TestNG.runSuitesSequentially(TestNG.java:1212)
org.testng.TestNG.runSuitesLocally(TestNG.java:1134)
org.testng.TestNG.runSuites(TestNG.java:1063)
org.testng.TestNG.run(TestNG.java:1031)
com.intellij.rt.testng.IDEARemoteTestNG.run(IDEARemoteTestNG.java:66)
com.intellij.rt.testng.RemoteTestNGStarter.main(RemoteTestNGStarter.java:109)
