[2022-02-15 11:24:32] [TestRunRegistrar.java] [1] [WARN] Reporting disabled: using no op test run registrar
[2022-02-15 11:24:32] [IMessager.java] [1] [INFO] TEST [practice-qa - sortingPriceTest] STARTED at [11:24:32 2022-02-15]
[2022-02-15 11:24:32] [IMessager.java] [24] [INFO] INFO: opening url 'https://www.adidas.com/us/women-new_arrivals'
[2022-02-15 11:24:45] [ExtendedWebElement.java] [1] [ERROR] FAIL: click - waitCondition for element 'sortButton (By.xpath: //div[contains(@class,'controllers')]//button[contains(@class,'select')]//span[contains(@class,'text')])' not satisfied!
[2022-02-15 11:24:45] [IMessager.java] [1] [ERROR] TEST [practice-qa - sortingPriceTest] FAILED at [11:24:45 2022-02-15] - no such element: Unable to locate element: {"method":"xpath","selector":"//div[contains(@class,'controllers')]//button[contains(@class,'select')]//span[contains(@class,'text')]"}
  (Session info: chrome=98.0.4758.80)
For documentation on this error, please visit: https://www.seleniumhq.org/exceptions/no_such_element.html
Build info: version: '3.141.59', revision: 'e82be7d358', time: '2018-11-14T08:17:03'
System info: host: 'users-mbp', ip: 'fe80:0:0:0:92:1626:9c34:a6d2%en0', os.name: 'Mac OS X', os.arch: 'aarch64', os.version: '12.2', java.version: '11.0.14'
Driver info: org.openqa.selenium.chrome.ChromeDriver
Capabilities {acceptInsecureCerts: false, browserName: chrome, browserVersion: 98.0.4758.80, chrome: {chromedriverVersion: 97.0.4692.71 (adefa7837d02a..., userDataDir: /var/folders/71/ccythcv55dn...}, goog:chromeOptions: {debuggerAddress: localhost:54508}, javascriptEnabled: true, networkConnectionEnabled: false, pageLoadStrategy: normal, platform: MAC, platformName: MAC, proxy: Proxy(), setWindowRect: true, strictFileInteractability: false, timeouts: {implicit: 0, pageLoad: 300000, script: 30000}, unhandledPromptBehavior: dismiss and notify, webauthn:extension:credBlob: true, webauthn:extension:largeBlob: true, webauthn:virtualAuthenticators: true}
Session ID: 97a54746b16662074253849f3c13b811
*** Element info: {Using=xpath, value=//div[contains(@class,'controllers')]//button[contains(@class,'select')]//span[contains(@class,'text')]}

jdk.internal.reflect.GeneratedConstructorAccessor9.newInstance(Unknown Source)
java.base/jdk.internal.reflect.DelegatingConstructorAccessorImpl.newInstance(DelegatingConstructorAccessorImpl.java:45)
java.base/java.lang.reflect.Constructor.newInstance(Constructor.java:490)
org.openqa.selenium.remote.http.W3CHttpResponseCodec.createException(W3CHttpResponseCodec.java:187)
org.openqa.selenium.remote.http.W3CHttpResponseCodec.decode(W3CHttpResponseCodec.java:122)
org.openqa.selenium.remote.http.W3CHttpResponseCodec.decode(W3CHttpResponseCodec.java:49)
org.openqa.selenium.remote.HttpCommandExecutor.execute(HttpCommandExecutor.java:158)
org.openqa.selenium.remote.service.DriverCommandExecutor.execute(DriverCommandExecutor.java:83)
org.openqa.selenium.remote.RemoteWebDriver.execute(RemoteWebDriver.java:552)
org.openqa.selenium.remote.RemoteWebDriver.findElement(RemoteWebDriver.java:323)
org.openqa.selenium.remote.RemoteWebDriver.findElementByXPath(RemoteWebDriver.java:428)
org.openqa.selenium.By$ByXPath.findElement(By.java:353)
org.openqa.selenium.remote.RemoteWebDriver.findElement(RemoteWebDriver.java:315)
com.qaprosoft.carina.core.foundation.webdriver.locator.ExtendedElementLocator.findElement(ExtendedElementLocator.java:91)
org.openqa.selenium.support.pagefactory.internal.LocatingElementHandler.invoke(LocatingElementHandler.java:38)
com.sun.proxy.$Proxy16.click(Unknown Source)
com.qaprosoft.carina.core.foundation.webdriver.decorator.ExtendedWebElement$1.doClick(ExtendedWebElement.java:1382)
com.qaprosoft.carina.core.foundation.webdriver.decorator.ExtendedWebElement.executeAction(ExtendedWebElement.java:1255)
com.qaprosoft.carina.core.foundation.webdriver.decorator.ExtendedWebElement.overrideAction(ExtendedWebElement.java:1376)
com.qaprosoft.carina.core.foundation.webdriver.decorator.ExtendedWebElement.doAction(ExtendedWebElement.java:1361)
com.qaprosoft.carina.core.foundation.webdriver.decorator.ExtendedWebElement.doAction(ExtendedWebElement.java:1339)
com.qaprosoft.carina.core.foundation.webdriver.decorator.ExtendedWebElement.click(ExtendedWebElement.java:458)
com.qaprosoft.carina.core.foundation.webdriver.decorator.ExtendedWebElement.click(ExtendedWebElement.java:447)
com.qaprosoft.carina.core.foundation.webdriver.decorator.ExtendedWebElement.click(ExtendedWebElement.java:438)
com.solvd.practiceqa.web.pages.desktop.SearchPage.sortSearch(ProductSearchingPage.java:45)
com.solvd.practiceqa.SearchingProductTest.sortingPriceTest(SearchingProductTest.java:29)
java.base/jdk.internal.reflect.NativeMethodAccessorImpl.invoke0(Native Method)
java.base/jdk.internal.reflect.NativeMethodAccessorImpl.invoke(NativeMethodAccessorImpl.java:62)
java.base/jdk.internal.reflect.DelegatingMethodAccessorImpl.invoke(DelegatingMethodAccessorImpl.java:43)
java.base/java.lang.reflect.Method.invoke(Method.java:566)
org.testng.internal.MethodInvocationHelper.invokeMethod(MethodInvocationHelper.java:133)
org.testng.internal.TestInvoker.invokeMethod(TestInvoker.java:598)
org.testng.internal.TestInvoker.invokeTestMethod(TestInvoker.java:173)
org.testng.internal.MethodRunner.runInSequence(MethodRunner.java:46)
org.testng.internal.TestInvoker$MethodInvocationAgent.invoke(TestInvoker.java:824)
org.testng.internal.TestInvoker.invokeTestMethods(TestInvoker.java:146)
org.testng.internal.TestMethodWorker.invokeTestMethods(TestMethodWorker.java:146)
org.testng.internal.TestMethodWorker.run(TestMethodWorker.java:128)
java.base/java.util.ArrayList.forEach(ArrayList.java:1541)
org.testng.TestRunner.privateRun(TestRunner.java:794)
org.testng.TestRunner.run(TestRunner.java:596)
org.testng.SuiteRunner.runTest(SuiteRunner.java:377)
org.testng.SuiteRunner.runSequentially(SuiteRunner.java:371)
org.testng.SuiteRunner.privateRun(SuiteRunner.java:332)
org.testng.SuiteRunner.run(SuiteRunner.java:276)
org.testng.SuiteRunnerWorker.runSuite(SuiteRunnerWorker.java:53)
org.testng.SuiteRunnerWorker.run(SuiteRunnerWorker.java:96)
org.testng.TestNG.runSuitesSequentially(TestNG.java:1212)
org.testng.TestNG.runSuitesLocally(TestNG.java:1134)
org.testng.TestNG.runSuites(TestNG.java:1063)
org.testng.TestNG.run(TestNG.java:1031)
com.intellij.rt.testng.IDEARemoteTestNG.run(IDEARemoteTestNG.java:66)
com.intellij.rt.testng.RemoteTestNGStarter.main(RemoteTestNGStarter.java:109)
